{"C:\\Users\\DanielMedinaCossio\\Documents\\free-lunches\\services\\kitchen-service\\src\\kafka.js": {"path":"C:\\Users\\DanielMedinaCossio\\Documents\\free-lunches\\services\\kitchen-service\\src\\kafka.js","statementMap":{"0":{"start":{"line":1,"column":18},"end":{"line":1,"column":36}},"1":{"start":{"line":4,"column":14},"end":{"line":7,"column":2}},"2":{"start":{"line":10,"column":17},"end":{"line":10,"column":33}},"3":{"start":{"line":15,"column":24},"end":{"line":17,"column":1}},"4":{"start":{"line":16,"column":2},"end":{"line":16,"column":27}},"5":{"start":{"line":24,"column":20},"end":{"line":29,"column":1}},"6":{"start":{"line":25,"column":2},"end":{"line":28,"column":5}},"7":{"start":{"line":31,"column":0},"end":{"line":31,"column":50}}},"fnMap":{"0":{"name":"(anonymous_0)","decl":{"start":{"line":15,"column":24},"end":{"line":15,"column":25}},"loc":{"start":{"line":15,"column":36},"end":{"line":17,"column":1}},"line":15},"1":{"name":"(anonymous_1)","decl":{"start":{"line":24,"column":20},"end":{"line":24,"column":21}},"loc":{"start":{"line":24,"column":46},"end":{"line":29,"column":1}},"line":24}},"branchMap":{},"s":{"0":3,"1":3,"2":3,"3":3,"4":1,"5":3,"6":0,"7":3},"f":{"0":1,"1":0},"b":{},"_coverageSchema":"1a1c01bbd47fc00a2c39e90264f33305004495a9","hash":"80d2599bb04a57a0189860abcd7550bc04ce790c"}
,"C:\\Users\\DanielMedinaCossio\\Documents\\free-lunches\\services\\kitchen-service\\src\\consumers\\kitchen.consumer.js": {"path":"C:\\Users\\DanielMedinaCossio\\Documents\\free-lunches\\services\\kitchen-service\\src\\consumers\\kitchen.consumer.js","statementMap":{"0":{"start":{"line":1,"column":18},"end":{"line":1,"column":36}},"1":{"start":{"line":2,"column":23},"end":{"line":2,"column":61}},"2":{"start":{"line":5,"column":14},"end":{"line":12,"column":2}},"3":{"start":{"line":15,"column":17},"end":{"line":15,"column":61}},"4":{"start":{"line":20,"column":24},"end":{"line":59,"column":1}},"5":{"start":{"line":21,"column":2},"end":{"line":58,"column":3}},"6":{"start":{"line":22,"column":4},"end":{"line":22,"column":29}},"7":{"start":{"line":25,"column":4},"end":{"line":28,"column":7}},"8":{"start":{"line":30,"column":20},"end":{"line":30,"column":40}},"9":{"start":{"line":32,"column":4},"end":{"line":54,"column":7}},"10":{"start":{"line":34,"column":8},"end":{"line":52,"column":9}},"11":{"start":{"line":35,"column":31},"end":{"line":35,"column":55}},"12":{"start":{"line":37,"column":10},"end":{"line":46,"column":11}},"13":{"start":{"line":39,"column":14},"end":{"line":39,"column":57}},"14":{"start":{"line":40,"column":14},"end":{"line":40,"column":20}},"15":{"start":{"line":42,"column":14},"end":{"line":42,"column":54}},"16":{"start":{"line":43,"column":14},"end":{"line":43,"column":20}},"17":{"start":{"line":45,"column":14},"end":{"line":45,"column":59}},"18":{"start":{"line":48,"column":10},"end":{"line":51,"column":12}},"19":{"start":{"line":56,"column":4},"end":{"line":56,"column":61}},"20":{"start":{"line":57,"column":4},"end":{"line":57,"column":38}},"21":{"start":{"line":61,"column":0},"end":{"line":61,"column":37}}},"fnMap":{"0":{"name":"(anonymous_0)","decl":{"start":{"line":20,"column":24},"end":{"line":20,"column":25}},"loc":{"start":{"line":20,"column":36},"end":{"line":59,"column":1}},"line":20},"1":{"name":"(anonymous_1)","decl":{"start":{"line":33,"column":19},"end":{"line":33,"column":20}},"loc":{"start":{"line":33,"column":60},"end":{"line":53,"column":7}},"line":33}},"branchMap":{"0":{"loc":{"start":{"line":37,"column":10},"end":{"line":46,"column":11}},"type":"switch","locations":[{"start":{"line":38,"column":12},"end":{"line":40,"column":20}},{"start":{"line":41,"column":12},"end":{"line":43,"column":20}},{"start":{"line":44,"column":12},"end":{"line":45,"column":59}}],"line":37}},"s":{"0":1,"1":1,"2":1,"3":1,"4":1,"5":6,"6":6,"7":5,"8":5,"9":5,"10":4,"11":4,"12":4,"13":2,"14":1,"15":1,"16":1,"17":1,"18":1,"19":1,"20":1,"21":1},"f":{"0":6,"1":4},"b":{"0":[2,1,1]},"_coverageSchema":"1a1c01bbd47fc00a2c39e90264f33305004495a9","hash":"9c4d6fb68affcf4c8a22ac90d5f94ac307382d28"}
,"C:\\Users\\DanielMedinaCossio\\Documents\\free-lunches\\services\\kitchen-service\\src\\controllers\\kitchen.controller.js": {"path":"C:\\Users\\DanielMedinaCossio\\Documents\\free-lunches\\services\\kitchen-service\\src\\controllers\\kitchen.controller.js","statementMap":{"0":{"start":{"line":1,"column":23},"end":{"line":1,"column":61}},"1":{"start":{"line":3,"column":23},"end":{"line":3,"column":43}},"2":{"start":{"line":8,"column":32},"end":{"line":16,"column":1}},"3":{"start":{"line":9,"column":2},"end":{"line":15,"column":3}},"4":{"start":{"line":10,"column":19},"end":{"line":10,"column":27}},"5":{"start":{"line":11,"column":21},"end":{"line":11,"column":63}},"6":{"start":{"line":12,"column":4},"end":{"line":12,"column":23}},"7":{"start":{"line":14,"column":4},"end":{"line":14,"column":51}},"8":{"start":{"line":18,"column":0},"end":{"line":18,"column":45}}},"fnMap":{"0":{"name":"(anonymous_0)","decl":{"start":{"line":8,"column":32},"end":{"line":8,"column":33}},"loc":{"start":{"line":8,"column":52},"end":{"line":16,"column":1}},"line":8}},"branchMap":{},"s":{"0":1,"1":1,"2":1,"3":2,"4":2,"5":2,"6":1,"7":1,"8":1},"f":{"0":2},"b":{},"_coverageSchema":"1a1c01bbd47fc00a2c39e90264f33305004495a9","hash":"4bfabd348aaa4ab1030c1bd76670b49378c56a87"}
,"C:\\Users\\DanielMedinaCossio\\Documents\\free-lunches\\services\\kitchen-service\\src\\services\\kitchen.service.js": {"path":"C:\\Users\\DanielMedinaCossio\\Documents\\free-lunches\\services\\kitchen-service\\src\\services\\kitchen.service.js","statementMap":{"0":{"start":{"line":1,"column":14},"end":{"line":1,"column":30}},"1":{"start":{"line":2,"column":41},"end":{"line":2,"column":60}},"2":{"start":{"line":13,"column":4},"end":{"line":13,"column":51}},"3":{"start":{"line":21,"column":4},"end":{"line":28,"column":5}},"4":{"start":{"line":22,"column":6},"end":{"line":27,"column":7}},"5":{"start":{"line":23,"column":8},"end":{"line":23,"column":48}},"6":{"start":{"line":24,"column":8},"end":{"line":24,"column":64}},"7":{"start":{"line":26,"column":8},"end":{"line":26,"column":68}},"8":{"start":{"line":37,"column":4},"end":{"line":47,"column":5}},"9":{"start":{"line":39,"column":6},"end":{"line":39,"column":76}},"10":{"start":{"line":41,"column":6},"end":{"line":44,"column":8}},"11":{"start":{"line":46,"column":6},"end":{"line":46,"column":37}},"12":{"start":{"line":56,"column":30},"end":{"line":59,"column":5}},"13":{"start":{"line":60,"column":4},"end":{"line":60,"column":34}},"14":{"start":{"line":68,"column":25},"end":{"line":68,"column":49}},"15":{"start":{"line":69,"column":4},"end":{"line":74,"column":5}},"16":{"start":{"line":70,"column":6},"end":{"line":70,"column":31}},"17":{"start":{"line":71,"column":6},"end":{"line":71,"column":45}},"18":{"start":{"line":73,"column":6},"end":{"line":73,"column":77}},"19":{"start":{"line":82,"column":4},"end":{"line":94,"column":5}},"20":{"start":{"line":83,"column":25},"end":{"line":83,"column":61}},"21":{"start":{"line":85,"column":6},"end":{"line":87,"column":7}},"22":{"start":{"line":86,"column":8},"end":{"line":86,"column":48}},"23":{"start":{"line":88,"column":6},"end":{"line":88,"column":39}},"24":{"start":{"line":90,"column":6},"end":{"line":90,"column":31}},"25":{"start":{"line":91,"column":6},"end":{"line":91,"column":47}},"26":{"start":{"line":93,"column":6},"end":{"line":93,"column":73}},"27":{"start":{"line":98,"column":0},"end":{"line":98,"column":32}}},"fnMap":{"0":{"name":"(anonymous_0)","decl":{"start":{"line":12,"column":2},"end":{"line":12,"column":3}},"loc":{"start":{"line":12,"column":15},"end":{"line":14,"column":3}},"line":12},"1":{"name":"(anonymous_1)","decl":{"start":{"line":20,"column":3},"end":{"line":20,"column":4}},"loc":{"start":{"line":20,"column":30},"end":{"line":29,"column":3}},"line":20},"2":{"name":"(anonymous_2)","decl":{"start":{"line":36,"column":2},"end":{"line":36,"column":3}},"loc":{"start":{"line":36,"column":30},"end":{"line":48,"column":3}},"line":36},"3":{"name":"(anonymous_3)","decl":{"start":{"line":55,"column":2},"end":{"line":55,"column":3}},"loc":{"start":{"line":55,"column":53},"end":{"line":61,"column":3}},"line":55},"4":{"name":"(anonymous_4)","decl":{"start":{"line":67,"column":2},"end":{"line":67,"column":3}},"loc":{"start":{"line":67,"column":37},"end":{"line":75,"column":3}},"line":67},"5":{"name":"(anonymous_5)","decl":{"start":{"line":81,"column":2},"end":{"line":81,"column":3}},"loc":{"start":{"line":81,"column":34},"end":{"line":95,"column":3}},"line":81}},"branchMap":{"0":{"loc":{"start":{"line":21,"column":4},"end":{"line":28,"column":5}},"type":"if","locations":[{"start":{"line":21,"column":4},"end":{"line":28,"column":5}},{"start":{},"end":{}}],"line":21},"1":{"loc":{"start":{"line":85,"column":6},"end":{"line":87,"column":7}},"type":"if","locations":[{"start":{"line":85,"column":6},"end":{"line":87,"column":7}},{"start":{},"end":{}}],"line":85}},"s":{"0":3,"1":3,"2":8,"3":8,"4":8,"5":8,"6":7,"7":0,"8":2,"9":2,"10":1,"11":1,"12":2,"13":1,"14":2,"15":2,"16":2,"17":2,"18":1,"19":3,"20":3,"21":3,"22":1,"23":3,"24":3,"25":3,"26":1,"27":3},"f":{"0":8,"1":8,"2":2,"3":2,"4":2,"5":3},"b":{"0":[8,0],"1":[1,2]},"_coverageSchema":"1a1c01bbd47fc00a2c39e90264f33305004495a9","hash":"3fd4f336849043c6fadce6e5388d9a0b4aaf6a70"}
,"C:\\Users\\DanielMedinaCossio\\Documents\\free-lunches\\services\\kitchen-service\\src\\services\\ws.services.js": {"path":"C:\\Users\\DanielMedinaCossio\\Documents\\free-lunches\\services\\kitchen-service\\src\\services\\ws.services.js","statementMap":{"0":{"start":{"line":1,"column":18},"end":{"line":1,"column":31}},"1":{"start":{"line":4,"column":12},"end":{"line":4,"column":48}},"2":{"start":{"line":9,"column":0},"end":{"line":11,"column":3}},"3":{"start":{"line":18,"column":2},"end":{"line":22,"column":5}},"4":{"start":{"line":19,"column":4},"end":{"line":21,"column":5}},"5":{"start":{"line":20,"column":6},"end":{"line":20,"column":76}},"6":{"start":{"line":25,"column":0},"end":{"line":25,"column":43}}},"fnMap":{"0":{"name":"(anonymous_0)","decl":{"start":{"line":9,"column":21},"end":{"line":9,"column":22}},"loc":{"start":{"line":9,"column":29},"end":{"line":11,"column":1}},"line":9},"1":{"name":"enviarOrdenFinalizada","decl":{"start":{"line":17,"column":9},"end":{"line":17,"column":30}},"loc":{"start":{"line":17,"column":38},"end":{"line":23,"column":1}},"line":17},"2":{"name":"(anonymous_2)","decl":{"start":{"line":18,"column":22},"end":{"line":18,"column":23}},"loc":{"start":{"line":18,"column":34},"end":{"line":22,"column":3}},"line":18}},"branchMap":{"0":{"loc":{"start":{"line":19,"column":4},"end":{"line":21,"column":5}},"type":"if","locations":[{"start":{"line":19,"column":4},"end":{"line":21,"column":5}},{"start":{},"end":{}}],"line":19}},"s":{"0":1,"1":1,"2":1,"3":2,"4":0,"5":0,"6":1},"f":{"0":0,"1":2,"2":0},"b":{"0":[0,0]},"_coverageSchema":"1a1c01bbd47fc00a2c39e90264f33305004495a9","hash":"5c68c0f0e334707b69445b16a361b36a432afefc"}
}
