{"C:\\Users\\DanielMedinaCossio\\Documents\\free-lunches\\services\\kitchen-service\\src\\kafka.js": {"path":"C:\\Users\\DanielMedinaCossio\\Documents\\free-lunches\\services\\kitchen-service\\src\\kafka.js","statementMap":{"0":{"start":{"line":1,"column":18},"end":{"line":1,"column":36}},"1":{"start":{"line":4,"column":14},"end":{"line":7,"column":2}},"2":{"start":{"line":10,"column":17},"end":{"line":10,"column":33}},"3":{"start":{"line":15,"column":24},"end":{"line":17,"column":1}},"4":{"start":{"line":16,"column":2},"end":{"line":16,"column":27}},"5":{"start":{"line":24,"column":20},"end":{"line":29,"column":1}},"6":{"start":{"line":25,"column":2},"end":{"line":28,"column":5}},"7":{"start":{"line":31,"column":0},"end":{"line":31,"column":50}}},"fnMap":{"0":{"name":"(anonymous_0)","decl":{"start":{"line":15,"column":24},"end":{"line":15,"column":25}},"loc":{"start":{"line":15,"column":36},"end":{"line":17,"column":1}},"line":15},"1":{"name":"(anonymous_1)","decl":{"start":{"line":24,"column":20},"end":{"line":24,"column":21}},"loc":{"start":{"line":24,"column":46},"end":{"line":29,"column":1}},"line":24}},"branchMap":{},"s":{"0":1,"1":1,"2":1,"3":1,"4":0,"5":1,"6":0,"7":1},"f":{"0":0,"1":0},"b":{},"_coverageSchema":"1a1c01bbd47fc00a2c39e90264f33305004495a9","hash":"80d2599bb04a57a0189860abcd7550bc04ce790c"}
,"C:\\Users\\DanielMedinaCossio\\Documents\\free-lunches\\services\\kitchen-service\\src\\consumers\\kitchen.consumer.js": {"path":"C:\\Users\\DanielMedinaCossio\\Documents\\free-lunches\\services\\kitchen-service\\src\\consumers\\kitchen.consumer.js","statementMap":{"0":{"start":{"line":1,"column":18},"end":{"line":1,"column":36}},"1":{"start":{"line":2,"column":23},"end":{"line":2,"column":61}},"2":{"start":{"line":5,"column":14},"end":{"line":12,"column":2}},"3":{"start":{"line":15,"column":17},"end":{"line":15,"column":61}},"4":{"start":{"line":20,"column":24},"end":{"line":59,"column":1}},"5":{"start":{"line":21,"column":2},"end":{"line":58,"column":3}},"6":{"start":{"line":22,"column":4},"end":{"line":22,"column":29}},"7":{"start":{"line":25,"column":4},"end":{"line":28,"column":7}},"8":{"start":{"line":30,"column":20},"end":{"line":30,"column":40}},"9":{"start":{"line":32,"column":4},"end":{"line":54,"column":7}},"10":{"start":{"line":34,"column":8},"end":{"line":52,"column":9}},"11":{"start":{"line":35,"column":31},"end":{"line":35,"column":55}},"12":{"start":{"line":37,"column":10},"end":{"line":46,"column":11}},"13":{"start":{"line":39,"column":14},"end":{"line":39,"column":57}},"14":{"start":{"line":40,"column":14},"end":{"line":40,"column":20}},"15":{"start":{"line":42,"column":14},"end":{"line":42,"column":54}},"16":{"start":{"line":43,"column":14},"end":{"line":43,"column":20}},"17":{"start":{"line":45,"column":14},"end":{"line":45,"column":59}},"18":{"start":{"line":48,"column":10},"end":{"line":51,"column":12}},"19":{"start":{"line":56,"column":4},"end":{"line":56,"column":61}},"20":{"start":{"line":57,"column":4},"end":{"line":57,"column":38}},"21":{"start":{"line":61,"column":0},"end":{"line":61,"column":37}}},"fnMap":{"0":{"name":"(anonymous_0)","decl":{"start":{"line":20,"column":24},"end":{"line":20,"column":25}},"loc":{"start":{"line":20,"column":36},"end":{"line":59,"column":1}},"line":20},"1":{"name":"(anonymous_1)","decl":{"start":{"line":33,"column":19},"end":{"line":33,"column":20}},"loc":{"start":{"line":33,"column":60},"end":{"line":53,"column":7}},"line":33}},"branchMap":{"0":{"loc":{"start":{"line":37,"column":10},"end":{"line":46,"column":11}},"type":"switch","locations":[{"start":{"line":38,"column":12},"end":{"line":40,"column":20}},{"start":{"line":41,"column":12},"end":{"line":43,"column":20}},{"start":{"line":44,"column":12},"end":{"line":45,"column":59}}],"line":37}},"s":{"0":1,"1":1,"2":1,"3":1,"4":1,"5":6,"6":6,"7":5,"8":5,"9":5,"10":4,"11":4,"12":4,"13":2,"14":1,"15":1,"16":1,"17":1,"18":1,"19":1,"20":1,"21":1},"f":{"0":6,"1":4},"b":{"0":[2,1,1]},"_coverageSchema":"1a1c01bbd47fc00a2c39e90264f33305004495a9","hash":"9c4d6fb68affcf4c8a22ac90d5f94ac307382d28"}
,"C:\\Users\\DanielMedinaCossio\\Documents\\free-lunches\\services\\kitchen-service\\src\\services\\kitchen.service.js": {"path":"C:\\Users\\DanielMedinaCossio\\Documents\\free-lunches\\services\\kitchen-service\\src\\services\\kitchen.service.js","statementMap":{"0":{"start":{"line":1,"column":14},"end":{"line":1,"column":30}},"1":{"start":{"line":2,"column":41},"end":{"line":2,"column":60}},"2":{"start":{"line":14,"column":4},"end":{"line":24,"column":5}},"3":{"start":{"line":16,"column":6},"end":{"line":16,"column":76}},"4":{"start":{"line":18,"column":6},"end":{"line":21,"column":8}},"5":{"start":{"line":23,"column":6},"end":{"line":23,"column":37}},"6":{"start":{"line":33,"column":30},"end":{"line":36,"column":5}},"7":{"start":{"line":37,"column":4},"end":{"line":37,"column":34}},"8":{"start":{"line":45,"column":25},"end":{"line":45,"column":49}},"9":{"start":{"line":46,"column":4},"end":{"line":51,"column":5}},"10":{"start":{"line":47,"column":6},"end":{"line":47,"column":30}},"11":{"start":{"line":48,"column":6},"end":{"line":48,"column":45}},"12":{"start":{"line":50,"column":6},"end":{"line":50,"column":77}},"13":{"start":{"line":59,"column":4},"end":{"line":72,"column":5}},"14":{"start":{"line":60,"column":25},"end":{"line":60,"column":61}},"15":{"start":{"line":62,"column":6},"end":{"line":64,"column":7}},"16":{"start":{"line":63,"column":8},"end":{"line":63,"column":48}},"17":{"start":{"line":66,"column":6},"end":{"line":66,"column":39}},"18":{"start":{"line":68,"column":6},"end":{"line":68,"column":30}},"19":{"start":{"line":69,"column":6},"end":{"line":69,"column":47}},"20":{"start":{"line":71,"column":6},"end":{"line":71,"column":73}},"21":{"start":{"line":76,"column":0},"end":{"line":76,"column":32}}},"fnMap":{"0":{"name":"(anonymous_0)","decl":{"start":{"line":13,"column":2},"end":{"line":13,"column":3}},"loc":{"start":{"line":13,"column":30},"end":{"line":25,"column":3}},"line":13},"1":{"name":"(anonymous_1)","decl":{"start":{"line":32,"column":2},"end":{"line":32,"column":3}},"loc":{"start":{"line":32,"column":53},"end":{"line":38,"column":3}},"line":32},"2":{"name":"(anonymous_2)","decl":{"start":{"line":44,"column":2},"end":{"line":44,"column":3}},"loc":{"start":{"line":44,"column":37},"end":{"line":52,"column":3}},"line":44},"3":{"name":"(anonymous_3)","decl":{"start":{"line":58,"column":2},"end":{"line":58,"column":3}},"loc":{"start":{"line":58,"column":34},"end":{"line":73,"column":3}},"line":58}},"branchMap":{"0":{"loc":{"start":{"line":62,"column":6},"end":{"line":64,"column":7}},"type":"if","locations":[{"start":{"line":62,"column":6},"end":{"line":64,"column":7}},{"start":{},"end":{}}],"line":62}},"s":{"0":1,"1":1,"2":0,"3":0,"4":0,"5":0,"6":0,"7":0,"8":0,"9":0,"10":0,"11":0,"12":0,"13":0,"14":0,"15":0,"16":0,"17":0,"18":0,"19":0,"20":0,"21":1},"f":{"0":0,"1":0,"2":0,"3":0},"b":{"0":[0,0]},"_coverageSchema":"1a1c01bbd47fc00a2c39e90264f33305004495a9","hash":"00f4251e85eeabdcc997da5a74099bf7b38f59ff"}
}
