TN:
SF:src\kafka.js
FN:15,(anonymous_0)
FN:24,(anonymous_1)
FNF:2
FNH:0
FNDA:0,(anonymous_0)
FNDA:0,(anonymous_1)
DA:1,1
DA:4,1
DA:10,1
DA:15,1
DA:16,0
DA:24,1
DA:25,0
DA:31,1
LF:8
LH:6
BRF:0
BRH:0
end_of_record
TN:
SF:src\consumers\kitchen.consumer.js
FN:20,(anonymous_0)
FN:33,(anonymous_1)
FNF:2
FNH:2
FNDA:6,(anonymous_0)
FNDA:4,(anonymous_1)
DA:1,1
DA:2,1
DA:5,1
DA:15,1
DA:20,1
DA:21,6
DA:22,6
DA:25,5
DA:30,5
DA:32,5
DA:34,4
DA:35,4
DA:37,4
DA:39,2
DA:40,1
DA:42,1
DA:43,1
DA:45,1
DA:48,1
DA:56,1
DA:57,1
DA:61,1
LF:22
LH:22
BRDA:37,0,0,2
BRDA:37,0,1,1
BRDA:37,0,2,1
BRF:3
BRH:3
end_of_record
TN:
SF:src\services\kitchen.service.js
FN:13,(anonymous_0)
FN:32,(anonymous_1)
FN:44,(anonymous_2)
FN:58,(anonymous_3)
FNF:4
FNH:0
FNDA:0,(anonymous_0)
FNDA:0,(anonymous_1)
FNDA:0,(anonymous_2)
FNDA:0,(anonymous_3)
DA:1,1
DA:2,1
DA:14,0
DA:16,0
DA:18,0
DA:23,0
DA:33,0
DA:37,0
DA:45,0
DA:46,0
DA:47,0
DA:48,0
DA:50,0
DA:59,0
DA:60,0
DA:62,0
DA:63,0
DA:66,0
DA:68,0
DA:69,0
DA:71,0
DA:76,1
LF:22
LH:3
BRDA:62,0,0,0
BRDA:62,0,1,0
BRF:2
BRH:0
end_of_record
