TN:
SF:src\kafka.js
FN:15,(anonymous_0)
FN:24,(anonymous_1)
FNF:2
FNH:1
FNDA:1,(anonymous_0)
FNDA:0,(anonymous_1)
DA:1,3
DA:4,3
DA:10,3
DA:15,3
DA:16,1
DA:24,3
DA:25,0
DA:31,3
LF:8
LH:7
BRF:0
BRH:0
end_of_record
TN:
SF:src\consumers\kitchen.consumer.js
FN:20,(anonymous_0)
FN:33,(anonymous_1)
FNF:2
FNH:2
FNDA:6,(anonymous_0)
FNDA:4,(anonymous_1)
DA:1,1
DA:2,1
DA:5,1
DA:15,1
DA:20,1
DA:21,6
DA:22,6
DA:25,5
DA:30,5
DA:32,5
DA:34,4
DA:35,4
DA:37,4
DA:39,2
DA:40,1
DA:42,1
DA:43,1
DA:45,1
DA:48,1
DA:56,1
DA:57,1
DA:61,1
LF:22
LH:22
BRDA:37,0,0,2
BRDA:37,0,1,1
BRDA:37,0,2,1
BRF:3
BRH:3
end_of_record
TN:
SF:src\controllers\kitchen.controller.js
FN:8,(anonymous_0)
FNF:1
FNH:1
FNDA:2,(anonymous_0)
DA:1,1
DA:3,1
DA:8,1
DA:9,2
DA:10,2
DA:11,2
DA:12,1
DA:14,1
DA:18,1
LF:9
LH:9
BRF:0
BRH:0
end_of_record
TN:
SF:src\services\kitchen.service.js
FN:12,(anonymous_0)
FN:20,(anonymous_1)
FN:36,(anonymous_2)
FN:55,(anonymous_3)
FN:67,(anonymous_4)
FN:81,(anonymous_5)
FNF:6
FNH:6
FNDA:8,(anonymous_0)
FNDA:8,(anonymous_1)
FNDA:2,(anonymous_2)
FNDA:2,(anonymous_3)
FNDA:2,(anonymous_4)
FNDA:3,(anonymous_5)
DA:1,3
DA:2,3
DA:13,8
DA:21,8
DA:22,8
DA:23,8
DA:24,7
DA:26,0
DA:37,2
DA:39,2
DA:41,1
DA:46,1
DA:56,2
DA:60,1
DA:68,2
DA:69,2
DA:70,2
DA:71,2
DA:73,1
DA:82,3
DA:83,3
DA:85,3
DA:86,1
DA:88,3
DA:90,3
DA:91,3
DA:93,1
DA:98,3
LF:28
LH:27
BRDA:21,0,0,8
BRDA:21,0,1,0
BRDA:85,1,0,1
BRDA:85,1,1,2
BRF:4
BRH:3
end_of_record
TN:
SF:src\services\ws.services.js
FN:9,(anonymous_0)
FN:17,enviarOrdenFinalizada
FN:18,(anonymous_2)
FNF:3
FNH:1
FNDA:0,(anonymous_0)
FNDA:2,enviarOrdenFinalizada
FNDA:0,(anonymous_2)
DA:1,1
DA:4,1
DA:9,1
DA:18,2
DA:19,0
DA:20,0
DA:25,1
LF:7
LH:5
BRDA:19,0,0,0
BRDA:19,0,1,0
BRF:2
BRH:0
end_of_record
