{"C:\\Users\\DanielMedinaCossio\\Documents\\free-lunches\\services\\restaurant-manager\\src\\kafka.js": {"path":"C:\\Users\\DanielMedinaCossio\\Documents\\free-lunches\\services\\restaurant-manager\\src\\kafka.js","statementMap":{"0":{"start":{"line":1,"column":18},"end":{"line":1,"column":36}},"1":{"start":{"line":2,"column":26},"end":{"line":2,"column":66}},"2":{"start":{"line":5,"column":14},"end":{"line":8,"column":2}},"3":{"start":{"line":11,"column":17},"end":{"line":11,"column":33}},"4":{"start":{"line":16,"column":24},"end":{"line":18,"column":1}},"5":{"start":{"line":17,"column":2},"end":{"line":17,"column":27}},"6":{"start":{"line":26,"column":20},"end":{"line":31,"column":1}},"7":{"start":{"line":27,"column":2},"end":{"line":30,"column":5}},"8":{"start":{"line":34,"column":17},"end":{"line":34,"column":64}},"9":{"start":{"line":39,"column":24},"end":{"line":49,"column":1}},"10":{"start":{"line":40,"column":18},"end":{"line":40,"column":41}},"11":{"start":{"line":41,"column":2},"end":{"line":41,"column":27}},"12":{"start":{"line":42,"column":2},"end":{"line":42,"column":75}},"13":{"start":{"line":44,"column":2},"end":{"line":48,"column":5}},"14":{"start":{"line":46,"column":6},"end":{"line":46,"column":50}},"15":{"start":{"line":52,"column":0},"end":{"line":52,"column":67}}},"fnMap":{"0":{"name":"(anonymous_0)","decl":{"start":{"line":16,"column":24},"end":{"line":16,"column":25}},"loc":{"start":{"line":16,"column":36},"end":{"line":18,"column":1}},"line":16},"1":{"name":"(anonymous_1)","decl":{"start":{"line":26,"column":20},"end":{"line":26,"column":21}},"loc":{"start":{"line":26,"column":46},"end":{"line":31,"column":1}},"line":26},"2":{"name":"(anonymous_2)","decl":{"start":{"line":39,"column":24},"end":{"line":39,"column":25}},"loc":{"start":{"line":39,"column":36},"end":{"line":49,"column":1}},"line":39},"3":{"name":"(anonymous_3)","decl":{"start":{"line":45,"column":17},"end":{"line":45,"column":18}},"loc":{"start":{"line":45,"column":58},"end":{"line":47,"column":5}},"line":45}},"branchMap":{},"s":{"0":1,"1":1,"2":1,"3":1,"4":1,"5":1,"6":1,"7":0,"8":1,"9":1,"10":0,"11":0,"12":0,"13":0,"14":0,"15":1},"f":{"0":1,"1":0,"2":0,"3":0},"b":{},"_coverageSchema":"1a1c01bbd47fc00a2c39e90264f33305004495a9","hash":"9a21da60fc8a0b9cc27b86ab9e1f4c1e4365e9d5"}
,"C:\\Users\\DanielMedinaCossio\\Documents\\free-lunches\\services\\restaurant-manager\\src\\db\\db.service.js": {"path":"C:\\Users\\DanielMedinaCossio\\Documents\\free-lunches\\services\\restaurant-manager\\src\\db\\db.service.js","statementMap":{"0":{"start":{"line":1,"column":16},"end":{"line":1,"column":43}},"1":{"start":{"line":13,"column":4},"end":{"line":13,"column":38}},"2":{"start":{"line":21,"column":4},"end":{"line":25,"column":5}},"3":{"start":{"line":22,"column":6},"end":{"line":22,"column":44}},"4":{"start":{"line":24,"column":6},"end":{"line":24,"column":48}},"5":{"start":{"line":33,"column":4},"end":{"line":38,"column":5}},"6":{"start":{"line":34,"column":21},"end":{"line":34,"column":49}},"7":{"start":{"line":35,"column":6},"end":{"line":35,"column":33}},"8":{"start":{"line":37,"column":6},"end":{"line":37,"column":48}},"9":{"start":{"line":46,"column":4},"end":{"line":50,"column":5}},"10":{"start":{"line":47,"column":6},"end":{"line":47,"column":64}},"11":{"start":{"line":49,"column":6},"end":{"line":49,"column":50}},"12":{"start":{"line":54,"column":0},"end":{"line":54,"column":38}}},"fnMap":{"0":{"name":"(anonymous_0)","decl":{"start":{"line":12,"column":2},"end":{"line":12,"column":3}},"loc":{"start":{"line":12,"column":34},"end":{"line":14,"column":3}},"line":12},"1":{"name":"(anonymous_1)","decl":{"start":{"line":20,"column":2},"end":{"line":20,"column":3}},"loc":{"start":{"line":20,"column":23},"end":{"line":26,"column":3}},"line":20},"2":{"name":"(anonymous_2)","decl":{"start":{"line":32,"column":2},"end":{"line":32,"column":3}},"loc":{"start":{"line":32,"column":27},"end":{"line":39,"column":3}},"line":32},"3":{"name":"(anonymous_3)","decl":{"start":{"line":45,"column":2},"end":{"line":45,"column":3}},"loc":{"start":{"line":45,"column":22},"end":{"line":51,"column":3}},"line":45}},"branchMap":{},"s":{"0":1,"1":2,"2":2,"3":2,"4":1,"5":2,"6":2,"7":1,"8":1,"9":2,"10":2,"11":1,"12":1},"f":{"0":2,"1":2,"2":2,"3":2},"b":{},"_coverageSchema":"1a1c01bbd47fc00a2c39e90264f33305004495a9","hash":"1a3715b748a6eefa2b283abd0870cbb5ec0c38de"}
,"C:\\Users\\DanielMedinaCossio\\Documents\\free-lunches\\services\\restaurant-manager\\src\\db\\mongo.service.js": {"path":"C:\\Users\\DanielMedinaCossio\\Documents\\free-lunches\\services\\restaurant-manager\\src\\db\\mongo.service.js","statementMap":{"0":{"start":{"line":1,"column":17},"end":{"line":1,"column":36}},"1":{"start":{"line":4,"column":20},"end":{"line":4,"column":85}},"2":{"start":{"line":11,"column":4},"end":{"line":20,"column":5}},"3":{"start":{"line":12,"column":8},"end":{"line":15,"column":11}},"4":{"start":{"line":16,"column":8},"end":{"line":16,"column":60}},"5":{"start":{"line":18,"column":8},"end":{"line":18,"column":64}},"6":{"start":{"line":19,"column":8},"end":{"line":19,"column":24}},"7":{"start":{"line":23,"column":0},"end":{"line":23,"column":31}}},"fnMap":{"0":{"name":"connectDB","decl":{"start":{"line":10,"column":15},"end":{"line":10,"column":24}},"loc":{"start":{"line":10,"column":27},"end":{"line":21,"column":1}},"line":10}},"branchMap":{"0":{"loc":{"start":{"line":4,"column":20},"end":{"line":4,"column":85}},"type":"binary-expr","locations":[{"start":{"line":4,"column":20},"end":{"line":4,"column":43}},{"start":{"line":4,"column":47},"end":{"line":4,"column":85}}],"line":4}},"s":{"0":1,"1":1,"2":2,"3":2,"4":1,"5":1,"6":1,"7":1},"f":{"0":2},"b":{"0":[1,1]},"_coverageSchema":"1a1c01bbd47fc00a2c39e90264f33305004495a9","hash":"8655835d2de29c892a5a65fdb2a16f09ce8df52c"}
,"C:\\Users\\DanielMedinaCossio\\Documents\\free-lunches\\services\\restaurant-manager\\src\\db\\statusDB.service.js": {"path":"C:\\Users\\DanielMedinaCossio\\Documents\\free-lunches\\services\\restaurant-manager\\src\\db\\statusDB.service.js","statementMap":{"0":{"start":{"line":1,"column":15},"end":{"line":1,"column":41}},"1":{"start":{"line":10,"column":4},"end":{"line":10,"column":37}},"2":{"start":{"line":18,"column":4},"end":{"line":22,"column":5}},"3":{"start":{"line":19,"column":6},"end":{"line":19,"column":43}},"4":{"start":{"line":21,"column":6},"end":{"line":21,"column":55}},"5":{"start":{"line":30,"column":4},"end":{"line":35,"column":5}},"6":{"start":{"line":31,"column":21},"end":{"line":31,"column":48}},"7":{"start":{"line":32,"column":6},"end":{"line":32,"column":33}},"8":{"start":{"line":34,"column":6},"end":{"line":34,"column":55}},"9":{"start":{"line":44,"column":4},"end":{"line":48,"column":5}},"10":{"start":{"line":45,"column":6},"end":{"line":45,"column":63}},"11":{"start":{"line":47,"column":6},"end":{"line":47,"column":57}},"12":{"start":{"line":52,"column":0},"end":{"line":52,"column":39}}},"fnMap":{"0":{"name":"(anonymous_0)","decl":{"start":{"line":9,"column":2},"end":{"line":9,"column":3}},"loc":{"start":{"line":9,"column":33},"end":{"line":11,"column":3}},"line":9},"1":{"name":"(anonymous_1)","decl":{"start":{"line":17,"column":2},"end":{"line":17,"column":3}},"loc":{"start":{"line":17,"column":29},"end":{"line":23,"column":3}},"line":17},"2":{"name":"(anonymous_2)","decl":{"start":{"line":29,"column":2},"end":{"line":29,"column":3}},"loc":{"start":{"line":29,"column":27},"end":{"line":36,"column":3}},"line":29},"3":{"name":"(anonymous_3)","decl":{"start":{"line":43,"column":2},"end":{"line":43,"column":3}},"loc":{"start":{"line":43,"column":22},"end":{"line":49,"column":3}},"line":43}},"branchMap":{},"s":{"0":1,"1":2,"2":2,"3":2,"4":1,"5":2,"6":2,"7":1,"8":1,"9":2,"10":2,"11":1,"12":1},"f":{"0":2,"1":2,"2":2,"3":2},"b":{},"_coverageSchema":"1a1c01bbd47fc00a2c39e90264f33305004495a9","hash":"889d560d4bca31bfafcfea212a6c4eeaf57dfc81"}
,"C:\\Users\\DanielMedinaCossio\\Documents\\free-lunches\\services\\restaurant-manager\\src\\db\\models\\History.js": {"path":"C:\\Users\\DanielMedinaCossio\\Documents\\free-lunches\\services\\restaurant-manager\\src\\db\\models\\History.js","statementMap":{"0":{"start":{"line":1,"column":17},"end":{"line":1,"column":36}},"1":{"start":{"line":6,"column":22},"end":{"line":10,"column":2}},"2":{"start":{"line":15,"column":16},"end":{"line":15,"column":56}},"3":{"start":{"line":17,"column":0},"end":{"line":17,"column":25}}},"fnMap":{},"branchMap":{},"s":{"0":1,"1":1,"2":1,"3":1},"f":{},"b":{},"_coverageSchema":"1a1c01bbd47fc00a2c39e90264f33305004495a9","hash":"f4f67014d02d36c0d21f0bee5a39e8cef59871bd"}
,"C:\\Users\\DanielMedinaCossio\\Documents\\free-lunches\\services\\restaurant-manager\\src\\db\\models\\Status.js": {"path":"C:\\Users\\DanielMedinaCossio\\Documents\\free-lunches\\services\\restaurant-manager\\src\\db\\models\\Status.js","statementMap":{"0":{"start":{"line":1,"column":17},"end":{"line":1,"column":36}},"1":{"start":{"line":6,"column":21},"end":{"line":10,"column":2}},"2":{"start":{"line":15,"column":15},"end":{"line":15,"column":53}},"3":{"start":{"line":17,"column":0},"end":{"line":17,"column":24}}},"fnMap":{},"branchMap":{},"s":{"0":1,"1":1,"2":1,"3":1},"f":{},"b":{},"_coverageSchema":"1a1c01bbd47fc00a2c39e90264f33305004495a9","hash":"b8d569524fc0f014d545b6cc2caf090a4a57c755"}
,"C:\\Users\\DanielMedinaCossio\\Documents\\free-lunches\\services\\restaurant-manager\\src\\services\\ws.service.js": {"path":"C:\\Users\\DanielMedinaCossio\\Documents\\free-lunches\\services\\restaurant-manager\\src\\services\\ws.service.js","statementMap":{"0":{"start":{"line":1,"column":18},"end":{"line":1,"column":31}},"1":{"start":{"line":4,"column":12},"end":{"line":4,"column":48}},"2":{"start":{"line":7,"column":15},"end":{"line":7,"column":51}},"3":{"start":{"line":10,"column":0},"end":{"line":12,"column":3}},"4":{"start":{"line":21,"column":2},"end":{"line":25,"column":5}},"5":{"start":{"line":22,"column":4},"end":{"line":24,"column":5}},"6":{"start":{"line":23,"column":6},"end":{"line":23,"column":66}},"7":{"start":{"line":29,"column":0},"end":{"line":29,"column":43}}},"fnMap":{"0":{"name":"(anonymous_0)","decl":{"start":{"line":10,"column":21},"end":{"line":10,"column":22}},"loc":{"start":{"line":10,"column":29},"end":{"line":12,"column":1}},"line":10},"1":{"name":"enviarOrdenFinalizada","decl":{"start":{"line":20,"column":15},"end":{"line":20,"column":36}},"loc":{"start":{"line":20,"column":51},"end":{"line":26,"column":1}},"line":20},"2":{"name":"(anonymous_2)","decl":{"start":{"line":21,"column":22},"end":{"line":21,"column":23}},"loc":{"start":{"line":21,"column":34},"end":{"line":25,"column":3}},"line":21}},"branchMap":{"0":{"loc":{"start":{"line":22,"column":4},"end":{"line":24,"column":5}},"type":"if","locations":[{"start":{"line":22,"column":4},"end":{"line":24,"column":5}},{"start":{},"end":{}}],"line":22}},"s":{"0":1,"1":1,"2":1,"3":1,"4":2,"5":0,"6":0,"7":1},"f":{"0":0,"1":2,"2":0},"b":{"0":[0,0]},"_coverageSchema":"1a1c01bbd47fc00a2c39e90264f33305004495a9","hash":"b0fa4dfbc87dda1336474701614cbdf941060493"}
}
