TN:
SF:src\kafka.js
FN:16,(anonymous_0)
FN:26,(anonymous_1)
FN:39,(anonymous_2)
FN:45,(anonymous_3)
FNF:4
FNH:1
FNDA:1,(anonymous_0)
FNDA:0,(anonymous_1)
FNDA:0,(anonymous_2)
FNDA:0,(anonymous_3)
DA:1,1
DA:2,1
DA:5,1
DA:11,1
DA:16,1
DA:17,1
DA:26,1
DA:27,0
DA:34,1
DA:39,1
DA:40,0
DA:41,0
DA:42,0
DA:44,0
DA:46,0
DA:52,1
LF:16
LH:10
BRF:0
BRH:0
end_of_record
TN:
SF:src\db\db.service.js
FN:12,(anonymous_0)
FN:20,(anonymous_1)
FN:32,(anonymous_2)
FN:45,(anonymous_3)
FNF:4
FNH:4
FNDA:2,(anonymous_0)
FNDA:2,(anonymous_1)
FNDA:2,(anonymous_2)
FNDA:2,(anonymous_3)
DA:1,1
DA:13,2
DA:21,2
DA:22,2
DA:24,1
DA:33,2
DA:34,2
DA:35,1
DA:37,1
DA:46,2
DA:47,2
DA:49,1
DA:54,1
LF:13
LH:13
BRF:0
BRH:0
end_of_record
TN:
SF:src\db\mongo.service.js
FN:10,connectDB
FNF:1
FNH:1
FNDA:2,connectDB
DA:1,1
DA:4,1
DA:11,2
DA:12,2
DA:16,1
DA:18,1
DA:19,1
DA:23,1
LF:8
LH:8
BRDA:4,0,0,1
BRDA:4,0,1,1
BRF:2
BRH:2
end_of_record
TN:
SF:src\db\statusDB.service.js
FN:9,(anonymous_0)
FN:17,(anonymous_1)
FN:29,(anonymous_2)
FN:43,(anonymous_3)
FNF:4
FNH:4
FNDA:2,(anonymous_0)
FNDA:2,(anonymous_1)
FNDA:2,(anonymous_2)
FNDA:2,(anonymous_3)
DA:1,1
DA:10,2
DA:18,2
DA:19,2
DA:21,1
DA:30,2
DA:31,2
DA:32,1
DA:34,1
DA:44,2
DA:45,2
DA:47,1
DA:52,1
LF:13
LH:13
BRF:0
BRH:0
end_of_record
TN:
SF:src\db\models\History.js
FNF:0
FNH:0
DA:1,1
DA:6,1
DA:15,1
DA:17,1
LF:4
LH:4
BRF:0
BRH:0
end_of_record
TN:
SF:src\db\models\Status.js
FNF:0
FNH:0
DA:1,1
DA:6,1
DA:15,1
DA:17,1
LF:4
LH:4
BRF:0
BRH:0
end_of_record
TN:
SF:src\services\ws.service.js
FN:10,(anonymous_0)
FN:20,enviarOrdenFinalizada
FN:21,(anonymous_2)
FNF:3
FNH:1
FNDA:0,(anonymous_0)
FNDA:2,enviarOrdenFinalizada
FNDA:0,(anonymous_2)
DA:1,1
DA:4,1
DA:7,1
DA:10,1
DA:21,2
DA:22,0
DA:23,0
DA:29,1
LF:8
LH:6
BRDA:22,0,0,0
BRDA:22,0,1,0
BRF:2
BRH:0
end_of_record
